<?xml version="1.0" encoding="UTF-8"?>
<testsuite xmlns:xsi="http://www.w3.org/2001/XMLSchema-instance" xsi:noNamespaceSchemaLocation="https://maven.apache.org/surefire/maven-surefire-plugin/xsd/surefire-test-report.xsd" version="3.0.2" name="TestSuite" time="12.139" tests="4" errors="0" skipped="0" failures="0">
  <properties>
    <property name="java.specification.version" value="17"/>
    <property name="sun.jnu.encoding" value="UTF-8"/>
    <property name="java.class.path" value="/Users/vrushikahingu/Desktop/StarAgile - QA Automation/Module 3 - Web Driver /Vrushika_Selenium Demos/DevOpsAutomation/target/test-classes:/Users/vrushikahingu/Desktop/StarAgile - QA Automation/Module 3 - Web Driver /Vrushika_Selenium Demos/DevOpsAutomation/target/classes:/Users/vrushikahingu/.m2/repository/org/seleniumhq/selenium/selenium-java/4.37.0/selenium-java-4.37.0.jar:/Users/vrushikahingu/.m2/repository/org/seleniumhq/selenium/selenium-api/4.37.0/selenium-api-4.37.0.jar:/Users/vrushikahingu/.m2/repository/org/jspecify/jspecify/1.0.0/jspecify-1.0.0.jar:/Users/vrushikahingu/.m2/repository/org/seleniumhq/selenium/selenium-chrome-driver/4.37.0/selenium-chrome-driver-4.37.0.jar:/Users/vrushikahingu/.m2/repository/com/google/auto/service/auto-service-annotations/1.1.1/auto-service-annotations-1.1.1.jar:/Users/vrushikahingu/.m2/repository/org/seleniumhq/selenium/selenium-chromium-driver/4.37.0/selenium-chromium-driver-4.37.0.jar:/Users/vrushikahingu/.m2/repository/org/seleniumhq/selenium/selenium-json/4.37.0/selenium-json-4.37.0.jar:/Users/vrushikahingu/.m2/repository/org/seleniumhq/selenium/selenium-manager/4.37.0/selenium-manager-4.37.0.jar:/Users/vrushikahingu/.m2/repository/org/seleniumhq/selenium/selenium-devtools-v139/4.37.0/selenium-devtools-v139-4.37.0.jar:/Users/vrushikahingu/.m2/repository/org/seleniumhq/selenium/selenium-devtools-v140/4.37.0/selenium-devtools-v140-4.37.0.jar:/Users/vrushikahingu/.m2/repository/org/seleniumhq/selenium/selenium-devtools-v141/4.37.0/selenium-devtools-v141-4.37.0.jar:/Users/vrushikahingu/.m2/repository/org/seleniumhq/selenium/selenium-edge-driver/4.37.0/selenium-edge-driver-4.37.0.jar:/Users/vrushikahingu/.m2/repository/org/seleniumhq/selenium/selenium-firefox-driver/4.37.0/selenium-firefox-driver-4.37.0.jar:/Users/vrushikahingu/.m2/repository/org/seleniumhq/selenium/selenium-http/4.37.0/selenium-http-4.37.0.jar:/Users/vrushikahingu/.m2/repository/org/seleniumhq/selenium/selenium-ie-driver/4.37.0/selenium-ie-driver-4.37.0.jar:/Users/vrushikahingu/.m2/repository/org/seleniumhq/selenium/selenium-remote-driver/4.37.0/selenium-remote-driver-4.37.0.jar:/Users/vrushikahingu/.m2/repository/com/google/guava/guava/33.5.0-jre/guava-33.5.0-jre.jar:/Users/vrushikahingu/.m2/repository/com/google/guava/failureaccess/1.0.3/failureaccess-1.0.3.jar:/Users/vrushikahingu/.m2/repository/com/google/guava/listenablefuture/9999.0-empty-to-avoid-conflict-with-guava/listenablefuture-9999.0-empty-to-avoid-conflict-with-guava.jar:/Users/vrushikahingu/.m2/repository/com/google/errorprone/error_prone_annotations/2.41.0/error_prone_annotations-2.41.0.jar:/Users/vrushikahingu/.m2/repository/com/google/j2objc/j2objc-annotations/3.1/j2objc-annotations-3.1.jar:/Users/vrushikahingu/.m2/repository/io/opentelemetry/opentelemetry-api/1.55.0/opentelemetry-api-1.55.0.jar:/Users/vrushikahingu/.m2/repository/io/opentelemetry/opentelemetry-context/1.55.0/opentelemetry-context-1.55.0.jar:/Users/vrushikahingu/.m2/repository/io/opentelemetry/opentelemetry-common/1.55.0/opentelemetry-common-1.55.0.jar:/Users/vrushikahingu/.m2/repository/io/opentelemetry/opentelemetry-exporter-logging/1.55.0/opentelemetry-exporter-logging-1.55.0.jar:/Users/vrushikahingu/.m2/repository/io/opentelemetry/opentelemetry-sdk-common/1.55.0/opentelemetry-sdk-common-1.55.0.jar:/Users/vrushikahingu/.m2/repository/io/opentelemetry/opentelemetry-sdk-extension-autoconfigure-spi/1.55.0/opentelemetry-sdk-extension-autoconfigure-spi-1.55.0.jar:/Users/vrushikahingu/.m2/repository/io/opentelemetry/opentelemetry-sdk-extension-autoconfigure/1.55.0/opentelemetry-sdk-extension-autoconfigure-1.55.0.jar:/Users/vrushikahingu/.m2/repository/io/opentelemetry/opentelemetry-sdk-trace/1.55.0/opentelemetry-sdk-trace-1.55.0.jar:/Users/vrushikahingu/.m2/repository/io/opentelemetry/opentelemetry-sdk/1.55.0/opentelemetry-sdk-1.55.0.jar:/Users/vrushikahingu/.m2/repository/io/opentelemetry/opentelemetry-sdk-metrics/1.55.0/opentelemetry-sdk-metrics-1.55.0.jar:/Users/vrushikahingu/.m2/repository/io/opentelemetry/opentelemetry-sdk-logs/1.55.0/opentelemetry-sdk-logs-1.55.0.jar:/Users/vrushikahingu/.m2/repository/net/bytebuddy/byte-buddy/1.17.8/byte-buddy-1.17.8.jar:/Users/vrushikahingu/.m2/repository/org/seleniumhq/selenium/selenium-os/4.37.0/selenium-os-4.37.0.jar:/Users/vrushikahingu/.m2/repository/org/apache/commons/commons-exec/1.5.0/commons-exec-1.5.0.jar:/Users/vrushikahingu/.m2/repository/org/seleniumhq/selenium/selenium-safari-driver/4.37.0/selenium-safari-driver-4.37.0.jar:/Users/vrushikahingu/.m2/repository/org/seleniumhq/selenium/selenium-support/4.37.0/selenium-support-4.37.0.jar:/Users/vrushikahingu/.m2/repository/org/testng/testng/7.7.1/testng-7.7.1.jar:/Users/vrushikahingu/.m2/repository/org/slf4j/slf4j-api/1.7.36/slf4j-api-1.7.36.jar:/Users/vrushikahingu/.m2/repository/com/beust/jcommander/1.82/jcommander-1.82.jar:/Users/vrushikahingu/.m2/repository/org/webjars/jquery/3.6.1/jquery-3.6.1.jar:"/>
    <property name="java.vm.vendor" value="Oracle Corporation"/>
    <property name="sun.arch.data.model" value="64"/>
    <property name="java.vendor.url" value="https://java.oracle.com/"/>
    <property name="user.timezone" value="Asia/Kolkata"/>
    <property name="os.name" value="Mac OS X"/>
    <property name="java.vm.specification.version" value="17"/>
    <property name="sun.java.launcher" value="SUN_STANDARD"/>
    <property name="user.country" value="US"/>
    <property name="sun.boot.library.path" value="/Library/Java/JavaVirtualMachines/jdk-17.jdk/Contents/Home/lib"/>
    <property name="sun.java.command" value="/Users/vrushikahingu/Desktop/StarAgile - QA Automation/Module 3 - Web Driver /Vrushika_Selenium Demos/DevOpsAutomation/target/surefire/surefirebooter-20251027150406917_3.jar /Users/vrushikahingu/Desktop/StarAgile - QA Automation/Module 3 - Web Driver /Vrushika_Selenium Demos/DevOpsAutomation/target/surefire 2025-10-27T15-04-06_887-jvmRun1 surefire-20251027150406917_1tmp surefire_0-20251027150406917_2tmp"/>
    <property name="http.nonProxyHosts" value="local|*.local|169.254/16|*.169.254/16"/>
    <property name="jdk.debug" value="release"/>
    <property name="surefire.test.class.path" value="/Users/vrushikahingu/Desktop/StarAgile - QA Automation/Module 3 - Web Driver /Vrushika_Selenium Demos/DevOpsAutomation/target/test-classes:/Users/vrushikahingu/Desktop/StarAgile - QA Automation/Module 3 - Web Driver /Vrushika_Selenium Demos/DevOpsAutomation/target/classes:/Users/vrushikahingu/.m2/repository/org/seleniumhq/selenium/selenium-java/4.37.0/selenium-java-4.37.0.jar:/Users/vrushikahingu/.m2/repository/org/seleniumhq/selenium/selenium-api/4.37.0/selenium-api-4.37.0.jar:/Users/vrushikahingu/.m2/repository/org/jspecify/jspecify/1.0.0/jspecify-1.0.0.jar:/Users/vrushikahingu/.m2/repository/org/seleniumhq/selenium/selenium-chrome-driver/4.37.0/selenium-chrome-driver-4.37.0.jar:/Users/vrushikahingu/.m2/repository/com/google/auto/service/auto-service-annotations/1.1.1/auto-service-annotations-1.1.1.jar:/Users/vrushikahingu/.m2/repository/org/seleniumhq/selenium/selenium-chromium-driver/4.37.0/selenium-chromium-driver-4.37.0.jar:/Users/vrushikahingu/.m2/repository/org/seleniumhq/selenium/selenium-json/4.37.0/selenium-json-4.37.0.jar:/Users/vrushikahingu/.m2/repository/org/seleniumhq/selenium/selenium-manager/4.37.0/selenium-manager-4.37.0.jar:/Users/vrushikahingu/.m2/repository/org/seleniumhq/selenium/selenium-devtools-v139/4.37.0/selenium-devtools-v139-4.37.0.jar:/Users/vrushikahingu/.m2/repository/org/seleniumhq/selenium/selenium-devtools-v140/4.37.0/selenium-devtools-v140-4.37.0.jar:/Users/vrushikahingu/.m2/repository/org/seleniumhq/selenium/selenium-devtools-v141/4.37.0/selenium-devtools-v141-4.37.0.jar:/Users/vrushikahingu/.m2/repository/org/seleniumhq/selenium/selenium-edge-driver/4.37.0/selenium-edge-driver-4.37.0.jar:/Users/vrushikahingu/.m2/repository/org/seleniumhq/selenium/selenium-firefox-driver/4.37.0/selenium-firefox-driver-4.37.0.jar:/Users/vrushikahingu/.m2/repository/org/seleniumhq/selenium/selenium-http/4.37.0/selenium-http-4.37.0.jar:/Users/vrushikahingu/.m2/repository/org/seleniumhq/selenium/selenium-ie-driver/4.37.0/selenium-ie-driver-4.37.0.jar:/Users/vrushikahingu/.m2/repository/org/seleniumhq/selenium/selenium-remote-driver/4.37.0/selenium-remote-driver-4.37.0.jar:/Users/vrushikahingu/.m2/repository/com/google/guava/guava/33.5.0-jre/guava-33.5.0-jre.jar:/Users/vrushikahingu/.m2/repository/com/google/guava/failureaccess/1.0.3/failureaccess-1.0.3.jar:/Users/vrushikahingu/.m2/repository/com/google/guava/listenablefuture/9999.0-empty-to-avoid-conflict-with-guava/listenablefuture-9999.0-empty-to-avoid-conflict-with-guava.jar:/Users/vrushikahingu/.m2/repository/com/google/errorprone/error_prone_annotations/2.41.0/error_prone_annotations-2.41.0.jar:/Users/vrushikahingu/.m2/repository/com/google/j2objc/j2objc-annotations/3.1/j2objc-annotations-3.1.jar:/Users/vrushikahingu/.m2/repository/io/opentelemetry/opentelemetry-api/1.55.0/opentelemetry-api-1.55.0.jar:/Users/vrushikahingu/.m2/repository/io/opentelemetry/opentelemetry-context/1.55.0/opentelemetry-context-1.55.0.jar:/Users/vrushikahingu/.m2/repository/io/opentelemetry/opentelemetry-common/1.55.0/opentelemetry-common-1.55.0.jar:/Users/vrushikahingu/.m2/repository/io/opentelemetry/opentelemetry-exporter-logging/1.55.0/opentelemetry-exporter-logging-1.55.0.jar:/Users/vrushikahingu/.m2/repository/io/opentelemetry/opentelemetry-sdk-common/1.55.0/opentelemetry-sdk-common-1.55.0.jar:/Users/vrushikahingu/.m2/repository/io/opentelemetry/opentelemetry-sdk-extension-autoconfigure-spi/1.55.0/opentelemetry-sdk-extension-autoconfigure-spi-1.55.0.jar:/Users/vrushikahingu/.m2/repository/io/opentelemetry/opentelemetry-sdk-extension-autoconfigure/1.55.0/opentelemetry-sdk-extension-autoconfigure-1.55.0.jar:/Users/vrushikahingu/.m2/repository/io/opentelemetry/opentelemetry-sdk-trace/1.55.0/opentelemetry-sdk-trace-1.55.0.jar:/Users/vrushikahingu/.m2/repository/io/opentelemetry/opentelemetry-sdk/1.55.0/opentelemetry-sdk-1.55.0.jar:/Users/vrushikahingu/.m2/repository/io/opentelemetry/opentelemetry-sdk-metrics/1.55.0/opentelemetry-sdk-metrics-1.55.0.jar:/Users/vrushikahingu/.m2/repository/io/opentelemetry/opentelemetry-sdk-logs/1.55.0/opentelemetry-sdk-logs-1.55.0.jar:/Users/vrushikahingu/.m2/repository/net/bytebuddy/byte-buddy/1.17.8/byte-buddy-1.17.8.jar:/Users/vrushikahingu/.m2/repository/org/seleniumhq/selenium/selenium-os/4.37.0/selenium-os-4.37.0.jar:/Users/vrushikahingu/.m2/repository/org/apache/commons/commons-exec/1.5.0/commons-exec-1.5.0.jar:/Users/vrushikahingu/.m2/repository/org/seleniumhq/selenium/selenium-safari-driver/4.37.0/selenium-safari-driver-4.37.0.jar:/Users/vrushikahingu/.m2/repository/org/seleniumhq/selenium/selenium-support/4.37.0/selenium-support-4.37.0.jar:/Users/vrushikahingu/.m2/repository/org/testng/testng/7.7.1/testng-7.7.1.jar:/Users/vrushikahingu/.m2/repository/org/slf4j/slf4j-api/1.7.36/slf4j-api-1.7.36.jar:/Users/vrushikahingu/.m2/repository/com/beust/jcommander/1.82/jcommander-1.82.jar:/Users/vrushikahingu/.m2/repository/org/webjars/jquery/3.6.1/jquery-3.6.1.jar:"/>
    <property name="sun.cpu.endian" value="little"/>
    <property name="user.home" value="/Users/vrushikahingu"/>
    <property name="user.language" value="en"/>
    <property name="java.specification.vendor" value="Oracle Corporation"/>
    <property name="java.version.date" value="2024-07-16"/>
    <property name="java.home" value="/Library/Java/JavaVirtualMachines/jdk-17.jdk/Contents/Home"/>
    <property name="file.separator" value="/"/>
    <property name="basedir" value="/Users/vrushikahingu/Desktop/StarAgile - QA Automation/Module 3 - Web Driver /Vrushika_Selenium Demos/DevOpsAutomation"/>
    <property name="java.vm.compressedOopsMode" value="Zero based"/>
    <property name="line.separator" value="&#10;"/>
    <property name="java.specification.name" value="Java Platform API Specification"/>
    <property name="java.vm.specification.vendor" value="Oracle Corporation"/>
    <property name="surefire.real.class.path" value="/Users/vrushikahingu/Desktop/StarAgile - QA Automation/Module 3 - Web Driver /Vrushika_Selenium Demos/DevOpsAutomation/target/surefire/surefirebooter-20251027150406917_3.jar"/>
    <property name="sun.management.compiler" value="HotSpot 64-Bit Tiered Compilers"/>
    <property name="ftp.nonProxyHosts" value="local|*.local|169.254/16|*.169.254/16"/>
    <property name="java.runtime.version" value="17.0.12+8-LTS-286"/>
    <property name="user.name" value="vrushikahingu"/>
    <property name="path.separator" value=":"/>
    <property name="os.version" value="15.6"/>
    <property name="java.runtime.name" value="Java(TM) SE Runtime Environment"/>
    <property name="file.encoding" value="UTF-8"/>
    <property name="java.vm.name" value="Java HotSpot(TM) 64-Bit Server VM"/>
    <property name="localRepository" value="/Users/vrushikahingu/.m2/repository"/>
    <property name="java.vendor.url.bug" value="https://bugreport.java.com/bugreport/"/>
    <property name="java.io.tmpdir" value="/var/folders/zv/q98nm2vs4glgm3cp5cxld7380000gn/T/"/>
    <property name="java.version" value="17.0.12"/>
    <property name="user.dir" value="/Users/vrushikahingu/Desktop/StarAgile - QA Automation/Module 3 - Web Driver /Vrushika_Selenium Demos/DevOpsAutomation"/>
    <property name="os.arch" value="aarch64"/>
    <property name="java.vm.specification.name" value="Java Virtual Machine Specification"/>
    <property name="native.encoding" value="UTF-8"/>
    <property name="java.library.path" value="/Users/vrushikahingu/Library/Java/Extensions:/Library/Java/Extensions:/Network/Library/Java/Extensions:/System/Library/Java/Extensions:/usr/lib/java:."/>
    <property name="java.vm.info" value="mixed mode, sharing"/>
    <property name="java.vendor" value="Oracle Corporation"/>
    <property name="java.vm.version" value="17.0.12+8-LTS-286"/>
    <property name="sun.io.unicode.encoding" value="UnicodeBig"/>
    <property name="socksNonProxyHosts" value="local|*.local|169.254/16|*.169.254/16"/>
    <property name="java.class.version" value="61.0"/>
  </properties>
  <testcase name="verifyUrl" classname="com.CRM.TestCase.HomePageTestCase" time="0.256">
    <system-out><![CDATA[Test Pass: Url match
]]></system-out>
    <system-err><![CDATA[SLF4J: Failed to load class "org.slf4j.impl.StaticLoggerBinder".
SLF4J: Defaulting to no-operation (NOP) logger implementation
SLF4J: See http://www.slf4j.org/codes.html#StaticLoggerBinder for further details.
]]></system-err>
  </testcase>
  <testcase name="verifyTitle" classname="com.CRM.TestCase.HomePageTestCase" time="0.081">
    <system-out><![CDATA[Test Pass: Title match
]]></system-out>
  </testcase>
  <testcase name="validateSignInLink" classname="com.CRM.TestCase.HomePageTestCase" time="0.536">
    <system-out><![CDATA[Test Pass: Application Navigation to Login Page
]]></system-out>
  </testcase>
  <testcase name="validateLogin" classname="com.CRM.TestCase.LoginPageTestCase" time="2.277">
    <system-out><![CDATA[Test Pass: Login Compelted 
]]></system-out>
  </testcase>
</testsuite>