<?xml version="1.0" encoding="UTF-8"?>
<!-- Generated by org.testng.reporters.JUnitReportReporter -->
<testsuite hostname="Aryan.local" failures="0" tests="1" name="com.CRM.TestCase.LoginPageTestCase" time="2.809" errors="0" timestamp="2025-10-27T15:11:17 IST" skipped="0">
  <testcase classname="com.CRM.TestCase.LoginPageTestCase" name="validateLogin" time="2.809"/>
  <system-out/>
</testsuite> <!-- com.CRM.TestCase.LoginPageTestCase -->
