<?xml version="1.0" encoding="UTF-8"?>
<!-- Generated by org.testng.reporters.JUnitReportReporter -->
<testsuite hostname="Aryan.local" failures="0" tests="3" name="com.SeleniumGrid.ParallelTest" time="71.118" errors="0" timestamp="2025-10-27T17:07:30 IST" skipped="0">
  <testcase classname="com.SeleniumGrid.ParallelTest" name="testCrossBrowser" time="25.812"/>
  <system-out/>
  <testcase classname="com.SeleniumGrid.ParallelTest" name="testCrossBrowser" time="25.224"/>
  <system-out/>
  <testcase classname="com.SeleniumGrid.ParallelTest" name="testCrossBrowser" time="20.082"/>
  <system-out/>
</testsuite> <!-- com.SeleniumGrid.ParallelTest -->
