<?xml version="1.0" encoding="UTF-8"?>
<!-- Generated by org.testng.reporters.JUnitReportReporter -->
<testsuite hostname="Aryan.local" failures="0" tests="3" name="com.CRM.TestCase.HomePageTestCase" time="1.126" errors="0" timestamp="2025-10-27T13:52:26 IST" skipped="0">
  <testcase classname="com.CRM.TestCase.HomePageTestCase" name="verifyUrl" time="0.003"/>
  <system-out/>
  <testcase classname="com.CRM.TestCase.HomePageTestCase" name="verifyTitle" time="0.002"/>
  <system-out/>
  <testcase classname="com.CRM.TestCase.HomePageTestCase" name="validateSignInLink" time="1.121"/>
  <system-out/>
</testsuite> <!-- com.CRM.TestCase.HomePageTestCase -->
